<?xml version="1.0" encoding="UTF-8"?>
<coverage generated="1720729941745" clover="3.2.0">
  <project timestamp="1720729941746" name="All files">
    <metrics statements="271" coveredstatements="208" conditionals="53" coveredconditionals="34" methods="32" coveredmethods="23" elements="356" coveredelements="265" complexity="0" loc="271" ncloc="271" packages="6" files="20" classes="20"/>
    <package name="server">
      <metrics statements="12" coveredstatements="12" conditionals="0" coveredconditionals="0" methods="0" coveredmethods="0"/>
      <file name="app.js" path="D:\Hacktiv8\Individual Project\IP-RMT50\server\app.js">
        <metrics statements="12" coveredstatements="12" conditionals="0" coveredconditionals="0" methods="0" coveredmethods="0"/>
        <line num="1" count="3" type="stmt"/>
        <line num="2" count="3" type="stmt"/>
        <line num="3" count="3" type="stmt"/>
        <line num="4" count="3" type="stmt"/>
        <line num="5" count="3" type="stmt"/>
        <line num="6" count="3" type="stmt"/>
        <line num="8" count="3" type="stmt"/>
        <line num="9" count="3" type="stmt"/>
        <line num="10" count="3" type="stmt"/>
        <line num="11" count="3" type="stmt"/>
        <line num="12" count="3" type="stmt"/>
        <line num="14" count="3" type="stmt"/>
      </file>
    </package>
    <package name="server.controllers">
      <metrics statements="95" coveredstatements="52" conditionals="16" coveredconditionals="10" methods="11" coveredmethods="5"/>
      <file name="CatAPI.js" path="D:\Hacktiv8\Individual Project\IP-RMT50\server\controllers\CatAPI.js">
        <metrics statements="11" coveredstatements="2" conditionals="0" coveredconditionals="0" methods="2" coveredmethods="0"/>
        <line num="1" count="3" type="stmt"/>
        <line num="3" count="3" type="stmt"/>
        <line num="5" count="0" type="stmt"/>
        <line num="6" count="0" type="stmt"/>
        <line num="13" count="0" type="stmt"/>
        <line num="15" count="0" type="stmt"/>
        <line num="19" count="0" type="stmt"/>
        <line num="20" count="0" type="stmt"/>
        <line num="21" count="0" type="stmt"/>
        <line num="31" count="0" type="stmt"/>
        <line num="33" count="0" type="stmt"/>
      </file>
      <file name="CatController.js" path="D:\Hacktiv8\Individual Project\IP-RMT50\server\controllers\CatController.js">
        <metrics statements="30" coveredstatements="14" conditionals="4" coveredconditionals="1" methods="4" coveredmethods="2"/>
        <line num="1" count="3" type="stmt"/>
        <line num="3" count="3" type="stmt"/>
        <line num="5" count="1" type="stmt"/>
        <line num="6" count="1" type="stmt"/>
        <line num="7" count="1" type="stmt"/>
        <line num="8" count="1" type="cond" truecount="1" falsecount="1"/>
        <line num="10" count="1" type="stmt"/>
        <line num="12" count="0" type="stmt"/>
        <line num="17" count="1" type="stmt"/>
        <line num="19" count="1" type="stmt"/>
        <line num="20" count="1" type="stmt"/>
        <line num="23" count="1" type="stmt"/>
        <line num="24" count="1" type="stmt"/>
        <line num="33" count="1" type="stmt"/>
        <line num="34" count="0" type="stmt"/>
        <line num="36" count="1" type="stmt"/>
        <line num="39" count="0" type="stmt"/>
        <line num="44" count="0" type="stmt"/>
        <line num="45" count="0" type="stmt"/>
        <line num="46" count="0" type="stmt"/>
        <line num="49" count="0" type="cond" truecount="0" falsecount="2"/>
        <line num="51" count="0" type="stmt"/>
        <line num="54" count="0" type="stmt"/>
        <line num="56" count="0" type="stmt"/>
        <line num="61" count="0" type="stmt"/>
        <line num="62" count="0" type="stmt"/>
        <line num="63" count="0" type="stmt"/>
        <line num="64" count="0" type="stmt"/>
        <line num="65" count="0" type="stmt"/>
        <line num="67" count="0" type="stmt"/>
      </file>
      <file name="OpenAIController.js" path="D:\Hacktiv8\Individual Project\IP-RMT50\server\controllers\OpenAIController.js">
        <metrics statements="13" coveredstatements="4" conditionals="0" coveredconditionals="0" methods="1" coveredmethods="0"/>
        <line num="1" count="3" type="stmt"/>
        <line num="2" count="3" type="stmt"/>
        <line num="3" count="3" type="stmt"/>
        <line num="7" count="3" type="stmt"/>
        <line num="9" count="0" type="stmt"/>
        <line num="10" count="0" type="stmt"/>
        <line num="11" count="0" type="stmt"/>
        <line num="18" count="0" type="stmt"/>
        <line num="20" count="0" type="stmt"/>
        <line num="25" count="0" type="stmt"/>
        <line num="26" count="0" type="stmt"/>
        <line num="28" count="0" type="stmt"/>
        <line num="30" count="0" type="stmt"/>
      </file>
      <file name="PubController.js" path="D:\Hacktiv8\Individual Project\IP-RMT50\server\controllers\PubController.js">
        <metrics statements="6" coveredstatements="5" conditionals="0" coveredconditionals="0" methods="1" coveredmethods="1"/>
        <line num="1" count="3" type="stmt"/>
        <line num="3" count="3" type="stmt"/>
        <line num="5" count="1" type="stmt"/>
        <line num="6" count="1" type="stmt"/>
        <line num="20" count="1" type="stmt"/>
        <line num="22" count="0" type="stmt"/>
      </file>
      <file name="UserController.js" path="D:\Hacktiv8\Individual Project\IP-RMT50\server\controllers\UserController.js">
        <metrics statements="35" coveredstatements="27" conditionals="12" coveredconditionals="9" methods="3" coveredmethods="2"/>
        <line num="1" count="3" type="stmt"/>
        <line num="2" count="3" type="stmt"/>
        <line num="3" count="3" type="stmt"/>
        <line num="4" count="3" type="stmt"/>
        <line num="5" count="3" type="stmt"/>
        <line num="6" count="3" type="stmt"/>
        <line num="8" count="3" type="stmt"/>
        <line num="10" count="7" type="stmt"/>
        <line num="11" count="7" type="stmt"/>
        <line num="13" count="7" type="cond" truecount="1" falsecount="1"/>
        <line num="14" count="0" type="stmt"/>
        <line num="16" count="7" type="stmt"/>
        <line num="22" count="1" type="stmt"/>
        <line num="28" count="6" type="stmt"/>
        <line num="33" count="5" type="stmt"/>
        <line num="34" count="5" type="stmt"/>
        <line num="36" count="5" type="cond" truecount="2" falsecount="0"/>
        <line num="37" count="4" type="cond" truecount="2" falsecount="0"/>
        <line num="38" count="1" type="stmt"/>
        <line num="40" count="3" type="stmt"/>
        <line num="42" count="3" type="cond" truecount="2" falsecount="0"/>
        <line num="43" count="1" type="stmt"/>
        <line num="45" count="2" type="stmt"/>
        <line num="47" count="2" type="cond" truecount="2" falsecount="0"/>
        <line num="48" count="1" type="stmt"/>
        <line num="50" count="1" type="stmt"/>
        <line num="52" count="1" type="stmt"/>
        <line num="54" count="4" type="stmt"/>
        <line num="59" count="0" type="stmt"/>
        <line num="60" count="0" type="stmt"/>
        <line num="66" count="0" type="stmt"/>
        <line num="69" count="0" type="stmt"/>
        <line num="80" count="0" type="stmt"/>
        <line num="81" count="0" type="cond" truecount="0" falsecount="2"/>
        <line num="83" count="0" type="stmt"/>
      </file>
    </package>
    <package name="server.helpers">
      <metrics statements="9" coveredstatements="9" conditionals="0" coveredconditionals="0" methods="4" coveredmethods="4"/>
      <file name="bcryptjs.js" path="D:\Hacktiv8\Individual Project\IP-RMT50\server\helpers\bcryptjs.js">
        <metrics statements="4" coveredstatements="4" conditionals="0" coveredconditionals="0" methods="2" coveredmethods="2"/>
        <line num="1" count="3" type="stmt"/>
        <line num="3" count="3" type="stmt"/>
        <line num="4" count="4" type="stmt"/>
        <line num="6" count="2" type="stmt"/>
      </file>
      <file name="jwt.js" path="D:\Hacktiv8\Individual Project\IP-RMT50\server\helpers\jwt.js">
        <metrics statements="5" coveredstatements="5" conditionals="0" coveredconditionals="0" methods="2" coveredmethods="2"/>
        <line num="1" count="3" type="stmt"/>
        <line num="2" count="3" type="stmt"/>
        <line num="4" count="3" type="stmt"/>
        <line num="5" count="2" type="stmt"/>
        <line num="6" count="7" type="stmt"/>
      </file>
    </package>
    <package name="server.middlewares">
      <metrics statements="82" coveredstatements="64" conditionals="27" coveredconditionals="17" methods="6" coveredmethods="4"/>
      <file name="authentication.js" path="D:\Hacktiv8\Individual Project\IP-RMT50\server\middlewares\authentication.js">
        <metrics statements="16" coveredstatements="15" conditionals="8" coveredconditionals="4" methods="1" coveredmethods="1"/>
        <line num="1" count="3" type="stmt"/>
        <line num="2" count="3" type="stmt"/>
        <line num="4" count="3" type="stmt"/>
        <line num="5" count="7" type="stmt"/>
        <line num="6" count="7" type="stmt"/>
        <line num="7" count="7" type="cond" truecount="1" falsecount="1"/>
        <line num="9" count="7" type="stmt"/>
        <line num="10" count="7" type="cond" truecount="1" falsecount="1"/>
        <line num="12" count="7" type="stmt"/>
        <line num="14" count="7" type="cond" truecount="1" falsecount="1"/>
        <line num="16" count="7" type="stmt"/>
        <line num="17" count="7" type="cond" truecount="1" falsecount="1"/>
        <line num="19" count="7" type="stmt"/>
        <line num="21" count="7" type="stmt"/>
        <line num="23" count="0" type="stmt"/>
        <line num="27" count="3" type="stmt"/>
      </file>
      <file name="authorization.js" path="D:\Hacktiv8\Individual Project\IP-RMT50\server\middlewares\authorization.js">
        <metrics statements="18" coveredstatements="11" conditionals="6" coveredconditionals="3" methods="2" coveredmethods="1"/>
        <line num="1" count="3" type="stmt"/>
        <line num="3" count="3" type="stmt"/>
        <line num="4" count="0" type="stmt"/>
        <line num="5" count="0" type="stmt"/>
        <line num="6" count="0" type="stmt"/>
        <line num="7" count="0" type="cond" truecount="0" falsecount="2"/>
        <line num="9" count="0" type="stmt"/>
        <line num="11" count="0" type="stmt"/>
        <line num="15" count="3" type="stmt"/>
        <line num="16" count="5" type="stmt"/>
        <line num="17" count="5" type="stmt"/>
        <line num="18" count="5" type="stmt"/>
        <line num="20" count="5" type="stmt"/>
        <line num="21" count="5" type="cond" truecount="2" falsecount="0"/>
        <line num="23" count="3" type="cond" truecount="1" falsecount="1"/>
        <line num="25" count="0" type="stmt"/>
        <line num="27" count="5" type="stmt"/>
        <line num="31" count="3" type="stmt"/>
      </file>
      <file name="errorHandler.js" path="D:\Hacktiv8\Individual Project\IP-RMT50\server\middlewares\errorHandler.js">
        <metrics statements="27" coveredstatements="21" conditionals="13" coveredconditionals="10" methods="1" coveredmethods="1"/>
        <line num="1" count="3" type="stmt"/>
        <line num="2" count="15" type="cond" truecount="2" falsecount="0"/>
        <line num="3" count="15" type="cond" truecount="2" falsecount="0"/>
        <line num="5" count="15" type="cond" truecount="6" falsecount="3"/>
        <line num="8" count="6" type="stmt"/>
        <line num="9" count="6" type="stmt"/>
        <line num="10" count="6" type="stmt"/>
        <line num="12" count="2" type="stmt"/>
        <line num="13" count="2" type="stmt"/>
        <line num="14" count="2" type="stmt"/>
        <line num="16" count="2" type="stmt"/>
        <line num="17" count="2" type="stmt"/>
        <line num="18" count="2" type="stmt"/>
        <line num="20" count="3" type="stmt"/>
        <line num="21" count="3" type="stmt"/>
        <line num="22" count="3" type="stmt"/>
        <line num="24" count="2" type="stmt"/>
        <line num="25" count="2" type="stmt"/>
        <line num="26" count="2" type="stmt"/>
        <line num="29" count="0" type="stmt"/>
        <line num="30" count="0" type="stmt"/>
        <line num="31" count="0" type="stmt"/>
        <line num="33" count="0" type="stmt"/>
        <line num="34" count="0" type="stmt"/>
        <line num="35" count="0" type="stmt"/>
        <line num="38" count="15" type="stmt"/>
        <line num="41" count="3" type="stmt"/>
      </file>
      <file name="multer.js" path="D:\Hacktiv8\Individual Project\IP-RMT50\server\middlewares\multer.js">
        <metrics statements="5" coveredstatements="4" conditionals="0" coveredconditionals="0" methods="1" coveredmethods="0"/>
        <line num="1" count="3" type="stmt"/>
        <line num="3" count="3" type="stmt"/>
        <line num="5" count="0" type="stmt"/>
        <line num="9" count="3" type="stmt"/>
        <line num="11" count="3" type="stmt"/>
      </file>
      <file name="uploadMultiple.js" path="D:\Hacktiv8\Individual Project\IP-RMT50\server\middlewares\uploadMultiple.js">
        <metrics statements="16" coveredstatements="13" conditionals="0" coveredconditionals="0" methods="1" coveredmethods="1"/>
        <line num="1" count="3" type="stmt"/>
        <line num="2" count="3" type="stmt"/>
        <line num="3" count="3" type="stmt"/>
        <line num="4" count="3" type="stmt"/>
        <line num="6" count="3" type="stmt"/>
        <line num="12" count="3" type="stmt"/>
        <line num="13" count="1" type="stmt"/>
        <line num="14" count="1" type="stmt"/>
        <line num="16" count="1" type="stmt"/>
        <line num="18" count="1" type="stmt"/>
        <line num="19" count="0" type="stmt"/>
        <line num="23" count="0" type="stmt"/>
        <line num="26" count="1" type="stmt"/>
        <line num="28" count="1" type="stmt"/>
        <line num="30" count="0" type="stmt"/>
        <line num="34" count="3" type="stmt"/>
      </file>
    </package>
    <package name="server.models">
      <metrics statements="40" coveredstatements="39" conditionals="10" coveredconditionals="7" methods="10" coveredmethods="10"/>
      <file name="cat.js" path="D:\Hacktiv8\Individual Project\IP-RMT50\server\models\cat.js">
        <metrics statements="6" coveredstatements="6" conditionals="0" coveredconditionals="0" methods="2" coveredmethods="2"/>
        <line num="2" count="3" type="stmt"/>
        <line num="3" count="3" type="stmt"/>
        <line num="12" count="3" type="stmt"/>
        <line num="13" count="3" type="stmt"/>
        <line num="16" count="3" type="stmt"/>
        <line num="81" count="3" type="stmt"/>
      </file>
      <file name="catimage.js" path="D:\Hacktiv8\Individual Project\IP-RMT50\server\models\catimage.js">
        <metrics statements="5" coveredstatements="5" conditionals="0" coveredconditionals="0" methods="2" coveredmethods="2"/>
        <line num="2" count="3" type="stmt"/>
        <line num="3" count="3" type="stmt"/>
        <line num="12" count="3" type="stmt"/>
        <line num="15" count="3" type="stmt"/>
        <line num="32" count="3" type="stmt"/>
      </file>
      <file name="index.js" path="D:\Hacktiv8\Individual Project\IP-RMT50\server\models\index.js">
        <metrics statements="21" coveredstatements="20" conditionals="10" coveredconditionals="7" methods="3" coveredmethods="3"/>
        <line num="3" count="3" type="stmt"/>
        <line num="4" count="3" type="stmt"/>
        <line num="5" count="3" type="stmt"/>
        <line num="6" count="3" type="stmt"/>
        <line num="7" count="3" type="stmt"/>
        <line num="8" count="3" type="cond" truecount="1" falsecount="1"/>
        <line num="9" count="3" type="stmt"/>
        <line num="10" count="3" type="stmt"/>
        <line num="13" count="3" type="cond" truecount="1" falsecount="1"/>
        <line num="14" count="0" type="stmt"/>
        <line num="16" count="3" type="stmt"/>
        <line num="19" count="3" type="stmt"/>
        <line num="22" count="12" type="stmt"/>
        <line num="30" count="9" type="stmt"/>
        <line num="31" count="9" type="stmt"/>
        <line num="34" count="3" type="stmt"/>
        <line num="35" count="9" type="cond" truecount="1" falsecount="1"/>
        <line num="36" count="9" type="stmt"/>
        <line num="40" count="3" type="stmt"/>
        <line num="41" count="3" type="stmt"/>
        <line num="43" count="3" type="stmt"/>
      </file>
      <file name="user.js" path="D:\Hacktiv8\Individual Project\IP-RMT50\server\models\user.js">
        <metrics statements="8" coveredstatements="8" conditionals="0" coveredconditionals="0" methods="3" coveredmethods="3"/>
        <line num="2" count="3" type="stmt"/>
        <line num="3" count="3" type="stmt"/>
        <line num="4" count="3" type="stmt"/>
        <line num="13" count="3" type="stmt"/>
        <line num="16" count="3" type="stmt"/>
        <line num="58" count="3" type="stmt"/>
        <line num="59" count="3" type="stmt"/>
        <line num="62" count="3" type="stmt"/>
      </file>
    </package>
    <package name="server.routes">
      <metrics statements="33" coveredstatements="32" conditionals="0" coveredconditionals="0" methods="1" coveredmethods="0"/>
      <file name="breeds.js" path="D:\Hacktiv8\Individual Project\IP-RMT50\server\routes\breeds.js">
        <metrics statements="5" coveredstatements="5" conditionals="0" coveredconditionals="0" methods="0" coveredmethods="0"/>
        <line num="1" count="3" type="stmt"/>
        <line num="3" count="3" type="stmt"/>
        <line num="5" count="3" type="stmt"/>
        <line num="6" count="3" type="stmt"/>
        <line num="8" count="3" type="stmt"/>
      </file>
      <file name="cats.js" path="D:\Hacktiv8\Individual Project\IP-RMT50\server\routes\cats.js">
        <metrics statements="10" coveredstatements="10" conditionals="0" coveredconditionals="0" methods="0" coveredmethods="0"/>
        <line num="1" count="3" type="stmt"/>
        <line num="2" count="3" type="stmt"/>
        <line num="3" count="3" type="stmt"/>
        <line num="4" count="3" type="stmt"/>
        <line num="6" count="3" type="stmt"/>
        <line num="8" count="3" type="stmt"/>
        <line num="9" count="3" type="stmt"/>
        <line num="16" count="3" type="stmt"/>
        <line num="17" count="3" type="stmt"/>
        <line num="19" count="3" type="stmt"/>
      </file>
      <file name="index.js" path="D:\Hacktiv8\Individual Project\IP-RMT50\server\routes\index.js">
        <metrics statements="18" coveredstatements="17" conditionals="0" coveredconditionals="0" methods="1" coveredmethods="0"/>
        <line num="1" count="3" type="stmt"/>
        <line num="2" count="3" type="stmt"/>
        <line num="3" count="3" type="stmt"/>
        <line num="4" count="3" type="stmt"/>
        <line num="5" count="3" type="stmt"/>
        <line num="6" count="3" type="stmt"/>
        <line num="7" count="3" type="stmt"/>
        <line num="9" count="3" type="stmt"/>
        <line num="10" count="0" type="stmt"/>
        <line num="13" count="3" type="stmt"/>
        <line num="14" count="3" type="stmt"/>
        <line num="15" count="3" type="stmt"/>
        <line num="16" count="3" type="stmt"/>
        <line num="18" count="3" type="stmt"/>
        <line num="19" count="3" type="stmt"/>
        <line num="20" count="3" type="stmt"/>
        <line num="21" count="3" type="stmt"/>
        <line num="23" count="3" type="stmt"/>
      </file>
    </package>
  </project>
</coverage>
