{"D:\\Hacktiv8\\Individual Project\\IP-RMT50\\server\\app.js": {"path":"D:\\Hacktiv8\\Individual Project\\IP-RMT50\\server\\app.js","statementMap":{"0":{"start":{"line":1,"column":0},"end":{"line":1,"column":27}},"1":{"start":{"line":2,"column":16},"end":{"line":2,"column":34}},"2":{"start":{"line":3,"column":12},"end":{"line":3,"column":21}},"3":{"start":{"line":4,"column":13},"end":{"line":4,"column":28}},"4":{"start":{"line":5,"column":15},"end":{"line":5,"column":34}},"5":{"start":{"line":6,"column":21},"end":{"line":6,"column":58}},"6":{"start":{"line":8,"column":0},"end":{"line":8,"column":16}},"7":{"start":{"line":9,"column":0},"end":{"line":9,"column":48}},"8":{"start":{"line":10,"column":0},"end":{"line":10,"column":24}},"9":{"start":{"line":11,"column":0},"end":{"line":11,"column":16}},"10":{"start":{"line":12,"column":0},"end":{"line":12,"column":22}},"11":{"start":{"line":14,"column":0},"end":{"line":14,"column":21}}},"fnMap":{},"branchMap":{},"s":{"0":3,"1":3,"2":3,"3":3,"4":3,"5":3,"6":3,"7":3,"8":3,"9":3,"10":3,"11":3},"f":{},"b":{},"_coverageSchema":"1a1c01bbd47fc00a2c39e90264f33305004495a9","hash":"73593cc2bc46c699b6af62ce583d7d89b4b40441"}
,"D:\\Hacktiv8\\Individual Project\\IP-RMT50\\server\\controllers\\CatAPI.js": {"path":"D:\\Hacktiv8\\Individual Project\\IP-RMT50\\server\\controllers\\CatAPI.js","statementMap":{"0":{"start":{"line":1,"column":14},"end":{"line":1,"column":30}},"1":{"start":{"line":3,"column":0},"end":{"line":36,"column":2}},"2":{"start":{"line":5,"column":4},"end":{"line":16,"column":5}},"3":{"start":{"line":6,"column":23},"end":{"line":12,"column":8}},"4":{"start":{"line":13,"column":6},"end":{"line":13,"column":33}},"5":{"start":{"line":15,"column":6},"end":{"line":15,"column":16}},"6":{"start":{"line":19,"column":24},"end":{"line":19,"column":34}},"7":{"start":{"line":20,"column":4},"end":{"line":34,"column":5}},"8":{"start":{"line":21,"column":23},"end":{"line":30,"column":7}},"9":{"start":{"line":31,"column":6},"end":{"line":31,"column":33}},"10":{"start":{"line":33,"column":6},"end":{"line":33,"column":16}}},"fnMap":{"0":{"name":"(anonymous_0)","decl":{"start":{"line":4,"column":2},"end":{"line":4,"column":3}},"loc":{"start":{"line":4,"column":44},"end":{"line":17,"column":3}},"line":4},"1":{"name":"(anonymous_1)","decl":{"start":{"line":18,"column":2},"end":{"line":18,"column":3}},"loc":{"start":{"line":18,"column":43},"end":{"line":35,"column":3}},"line":18}},"branchMap":{},"s":{"0":3,"1":3,"2":0,"3":0,"4":0,"5":0,"6":0,"7":0,"8":0,"9":0,"10":0},"f":{"0":0,"1":0},"b":{},"_coverageSchema":"1a1c01bbd47fc00a2c39e90264f33305004495a9","hash":"3f5dd8ad2ee9f520164437cfa1da24efea2c4474"}
,"D:\\Hacktiv8\\Individual Project\\IP-RMT50\\server\\controllers\\CatController.js": {"path":"D:\\Hacktiv8\\Individual Project\\IP-RMT50\\server\\controllers\\CatController.js","statementMap":{"0":{"start":{"line":1,"column":26},"end":{"line":1,"column":46}},"1":{"start":{"line":3,"column":0},"end":{"line":70,"column":2}},"2":{"start":{"line":5,"column":4},"end":{"line":13,"column":5}},"3":{"start":{"line":6,"column":21},"end":{"line":6,"column":32}},"4":{"start":{"line":7,"column":19},"end":{"line":7,"column":78}},"5":{"start":{"line":8,"column":6},"end":{"line":8,"column":70}},"6":{"start":{"line":8,"column":17},"end":{"line":8,"column":70}},"7":{"start":{"line":10,"column":6},"end":{"line":10,"column":37}},"8":{"start":{"line":12,"column":6},"end":{"line":12,"column":16}},"9":{"start":{"line":17,"column":4},"end":{"line":40,"column":5}},"10":{"start":{"line":19,"column":21},"end":{"line":19,"column":31}},"11":{"start":{"line":20,"column":21},"end":{"line":20,"column":32}},"12":{"start":{"line":23,"column":56},"end":{"line":23,"column":64}},"13":{"start":{"line":24,"column":18},"end":{"line":31,"column":8}},"14":{"start":{"line":33,"column":6},"end":{"line":35,"column":7}},"15":{"start":{"line":34,"column":8},"end":{"line":34,"column":64}},"16":{"start":{"line":36,"column":6},"end":{"line":36,"column":36}},"17":{"start":{"line":39,"column":6},"end":{"line":39,"column":16}},"18":{"start":{"line":44,"column":4},"end":{"line":57,"column":5}},"19":{"start":{"line":45,"column":21},"end":{"line":45,"column":31}},"20":{"start":{"line":46,"column":18},"end":{"line":46,"column":40}},"21":{"start":{"line":49,"column":8},"end":{"line":49,"column":71}},"22":{"start":{"line":51,"column":24},"end":{"line":53,"column":8}},"23":{"start":{"line":54,"column":6},"end":{"line":54,"column":42}},"24":{"start":{"line":56,"column":6},"end":{"line":56,"column":16}},"25":{"start":{"line":61,"column":19},"end":{"line":61,"column":29}},"26":{"start":{"line":62,"column":4},"end":{"line":68,"column":5}},"27":{"start":{"line":63,"column":6},"end":{"line":63,"column":55}},"28":{"start":{"line":64,"column":6},"end":{"line":64,"column":43}},"29":{"start":{"line":65,"column":6},"end":{"line":65,"column":58}},"30":{"start":{"line":67,"column":6},"end":{"line":67,"column":16}}},"fnMap":{"0":{"name":"(anonymous_0)","decl":{"start":{"line":4,"column":2},"end":{"line":4,"column":3}},"loc":{"start":{"line":4,"column":44},"end":{"line":14,"column":3}},"line":4},"1":{"name":"(anonymous_1)","decl":{"start":{"line":16,"column":2},"end":{"line":16,"column":3}},"loc":{"start":{"line":16,"column":41},"end":{"line":41,"column":3}},"line":16},"2":{"name":"(anonymous_2)","decl":{"start":{"line":43,"column":2},"end":{"line":43,"column":3}},"loc":{"start":{"line":43,"column":47},"end":{"line":58,"column":3}},"line":43},"3":{"name":"(anonymous_3)","decl":{"start":{"line":60,"column":2},"end":{"line":60,"column":3}},"loc":{"start":{"line":60,"column":41},"end":{"line":69,"column":3}},"line":60}},"branchMap":{"0":{"loc":{"start":{"line":8,"column":6},"end":{"line":8,"column":70}},"type":"if","locations":[{"start":{"line":8,"column":6},"end":{"line":8,"column":70}},{"start":{},"end":{}}],"line":8},"1":{"loc":{"start":{"line":49,"column":8},"end":{"line":49,"column":71}},"type":"cond-expr","locations":[{"start":{"line":49,"column":44},"end":{"line":49,"column":57}},{"start":{"line":49,"column":60},"end":{"line":49,"column":71}}],"line":49}},"s":{"0":3,"1":3,"2":1,"3":1,"4":1,"5":1,"6":0,"7":1,"8":0,"9":1,"10":1,"11":1,"12":1,"13":1,"14":1,"15":0,"16":1,"17":0,"18":0,"19":0,"20":0,"21":0,"22":0,"23":0,"24":0,"25":0,"26":0,"27":0,"28":0,"29":0,"30":0},"f":{"0":1,"1":1,"2":0,"3":0},"b":{"0":[0,1],"1":[0,0]},"_coverageSchema":"1a1c01bbd47fc00a2c39e90264f33305004495a9","hash":"8f25b16a4bfeca214413d7256bfd4227ffe94d32"}
,"D:\\Hacktiv8\\Individual Project\\IP-RMT50\\server\\controllers\\OpenAIController.js": {"path":"D:\\Hacktiv8\\Individual Project\\IP-RMT50\\server\\controllers\\OpenAIController.js","statementMap":{"0":{"start":{"line":1,"column":14},"end":{"line":1,"column":30}},"1":{"start":{"line":2,"column":19},"end":{"line":2,"column":36}},"2":{"start":{"line":3,"column":15},"end":{"line":5,"column":2}},"3":{"start":{"line":7,"column":0},"end":{"line":33,"column":2}},"4":{"start":{"line":9,"column":4},"end":{"line":31,"column":5}},"5":{"start":{"line":10,"column":30},"end":{"line":10,"column":38}},"6":{"start":{"line":11,"column":23},"end":{"line":17,"column":8}},"7":{"start":{"line":18,"column":21},"end":{"line":18,"column":392}},"8":{"start":{"line":20,"column":21},"end":{"line":23,"column":8}},"9":{"start":{"line":25,"column":21},"end":{"line":25,"column":54}},"10":{"start":{"line":26,"column":6},"end":{"line":26,"column":38}},"11":{"start":{"line":28,"column":6},"end":{"line":28,"column":37}},"12":{"start":{"line":30,"column":6},"end":{"line":30,"column":16}}},"fnMap":{"0":{"name":"(anonymous_0)","decl":{"start":{"line":8,"column":2},"end":{"line":8,"column":3}},"loc":{"start":{"line":8,"column":45},"end":{"line":32,"column":3}},"line":8}},"branchMap":{},"s":{"0":3,"1":3,"2":3,"3":3,"4":0,"5":0,"6":0,"7":0,"8":0,"9":0,"10":0,"11":0,"12":0},"f":{"0":0},"b":{},"_coverageSchema":"1a1c01bbd47fc00a2c39e90264f33305004495a9","hash":"d729f6562cb00398811e2351aa782a5878cd3a4e"}
,"D:\\Hacktiv8\\Individual Project\\IP-RMT50\\server\\controllers\\PubController.js": {"path":"D:\\Hacktiv8\\Individual Project\\IP-RMT50\\server\\controllers\\PubController.js","statementMap":{"0":{"start":{"line":1,"column":32},"end":{"line":1,"column":52}},"1":{"start":{"line":3,"column":0},"end":{"line":25,"column":2}},"2":{"start":{"line":5,"column":4},"end":{"line":23,"column":5}},"3":{"start":{"line":6,"column":19},"end":{"line":18,"column":8}},"4":{"start":{"line":20,"column":6},"end":{"line":20,"column":37}},"5":{"start":{"line":22,"column":6},"end":{"line":22,"column":16}}},"fnMap":{"0":{"name":"(anonymous_0)","decl":{"start":{"line":4,"column":2},"end":{"line":4,"column":3}},"loc":{"start":{"line":4,"column":43},"end":{"line":24,"column":3}},"line":4}},"branchMap":{},"s":{"0":3,"1":3,"2":1,"3":1,"4":1,"5":0},"f":{"0":1},"b":{},"_coverageSchema":"1a1c01bbd47fc00a2c39e90264f33305004495a9","hash":"fcf47e65a84d6efab346ff4af39ae2ff425fa863"}
,"D:\\Hacktiv8\\Individual Project\\IP-RMT50\\server\\controllers\\UserController.js": {"path":"D:\\Hacktiv8\\Individual Project\\IP-RMT50\\server\\controllers\\UserController.js","statementMap":{"0":{"start":{"line":1,"column":17},"end":{"line":1,"column":37}},"1":{"start":{"line":2,"column":22},"end":{"line":2,"column":47}},"2":{"start":{"line":3,"column":25},"end":{"line":3,"column":55}},"3":{"start":{"line":4,"column":18},"end":{"line":4,"column":48}},"4":{"start":{"line":5,"column":15},"end":{"line":5,"column":33}},"5":{"start":{"line":6,"column":17},"end":{"line":6,"column":45}},"6":{"start":{"line":8,"column":0},"end":{"line":86,"column":2}},"7":{"start":{"line":10,"column":4},"end":{"line":29,"column":5}},"8":{"start":{"line":11,"column":61},"end":{"line":11,"column":69}},"9":{"start":{"line":13,"column":6},"end":{"line":14,"column":70}},"10":{"start":{"line":14,"column":8},"end":{"line":14,"column":70}},"11":{"start":{"line":16,"column":19},"end":{"line":20,"column":8}},"12":{"start":{"line":22,"column":6},"end":{"line":26,"column":9}},"13":{"start":{"line":28,"column":6},"end":{"line":28,"column":16}},"14":{"start":{"line":33,"column":4},"end":{"line":55,"column":5}},"15":{"start":{"line":34,"column":34},"end":{"line":34,"column":42}},"16":{"start":{"line":36,"column":6},"end":{"line":36,"column":75}},"17":{"start":{"line":36,"column":18},"end":{"line":36,"column":75}},"18":{"start":{"line":37,"column":6},"end":{"line":38,"column":68}},"19":{"start":{"line":38,"column":8},"end":{"line":38,"column":68}},"20":{"start":{"line":40,"column":19},"end":{"line":40,"column":59}},"21":{"start":{"line":42,"column":6},"end":{"line":43,"column":77}},"22":{"start":{"line":43,"column":8},"end":{"line":43,"column":77}},"23":{"start":{"line":45,"column":30},"end":{"line":45,"column":60}},"24":{"start":{"line":47,"column":6},"end":{"line":48,"column":64}},"25":{"start":{"line":48,"column":8},"end":{"line":48,"column":64}},"26":{"start":{"line":50,"column":20},"end":{"line":50,"column":46}},"27":{"start":{"line":52,"column":6},"end":{"line":52,"column":52}},"28":{"start":{"line":54,"column":6},"end":{"line":54,"column":16}},"29":{"start":{"line":59,"column":4},"end":{"line":84,"column":5}},"30":{"start":{"line":60,"column":21},"end":{"line":65,"column":8}},"31":{"start":{"line":66,"column":22},"end":{"line":66,"column":41}},"32":{"start":{"line":69,"column":30},"end":{"line":77,"column":8}},"33":{"start":{"line":80,"column":20},"end":{"line":80,"column":46}},"34":{"start":{"line":81,"column":6},"end":{"line":81,"column":68}},"35":{"start":{"line":83,"column":6},"end":{"line":83,"column":16}}},"fnMap":{"0":{"name":"(anonymous_0)","decl":{"start":{"line":9,"column":2},"end":{"line":9,"column":3}},"loc":{"start":{"line":9,"column":40},"end":{"line":30,"column":3}},"line":9},"1":{"name":"(anonymous_1)","decl":{"start":{"line":32,"column":2},"end":{"line":32,"column":3}},"loc":{"start":{"line":32,"column":37},"end":{"line":56,"column":3}},"line":32},"2":{"name":"(anonymous_2)","decl":{"start":{"line":58,"column":2},"end":{"line":58,"column":3}},"loc":{"start":{"line":58,"column":43},"end":{"line":85,"column":3}},"line":58}},"branchMap":{"0":{"loc":{"start":{"line":13,"column":6},"end":{"line":14,"column":70}},"type":"if","locations":[{"start":{"line":13,"column":6},"end":{"line":14,"column":70}},{"start":{},"end":{}}],"line":13},"1":{"loc":{"start":{"line":36,"column":6},"end":{"line":36,"column":75}},"type":"if","locations":[{"start":{"line":36,"column":6},"end":{"line":36,"column":75}},{"start":{},"end":{}}],"line":36},"2":{"loc":{"start":{"line":37,"column":6},"end":{"line":38,"column":68}},"type":"if","locations":[{"start":{"line":37,"column":6},"end":{"line":38,"column":68}},{"start":{},"end":{}}],"line":37},"3":{"loc":{"start":{"line":42,"column":6},"end":{"line":43,"column":77}},"type":"if","locations":[{"start":{"line":42,"column":6},"end":{"line":43,"column":77}},{"start":{},"end":{}}],"line":42},"4":{"loc":{"start":{"line":47,"column":6},"end":{"line":48,"column":64}},"type":"if","locations":[{"start":{"line":47,"column":6},"end":{"line":48,"column":64}},{"start":{},"end":{}}],"line":47},"5":{"loc":{"start":{"line":81,"column":17},"end":{"line":81,"column":36}},"type":"cond-expr","locations":[{"start":{"line":81,"column":27},"end":{"line":81,"column":30}},{"start":{"line":81,"column":33},"end":{"line":81,"column":36}}],"line":81}},"s":{"0":3,"1":3,"2":3,"3":3,"4":3,"5":3,"6":3,"7":7,"8":7,"9":7,"10":0,"11":7,"12":1,"13":6,"14":5,"15":5,"16":5,"17":1,"18":4,"19":1,"20":3,"21":3,"22":1,"23":2,"24":2,"25":1,"26":1,"27":1,"28":4,"29":0,"30":0,"31":0,"32":0,"33":0,"34":0,"35":0},"f":{"0":7,"1":5,"2":0},"b":{"0":[0,7],"1":[1,4],"2":[1,3],"3":[1,2],"4":[1,1],"5":[0,0]},"_coverageSchema":"1a1c01bbd47fc00a2c39e90264f33305004495a9","hash":"b7b01352c321f7c397d1399d735f323562319b75"}
,"D:\\Hacktiv8\\Individual Project\\IP-RMT50\\server\\helpers\\bcryptjs.js": {"path":"D:\\Hacktiv8\\Individual Project\\IP-RMT50\\server\\helpers\\bcryptjs.js","statementMap":{"0":{"start":{"line":1,"column":15},"end":{"line":1,"column":34}},"1":{"start":{"line":3,"column":0},"end":{"line":7,"column":2}},"2":{"start":{"line":4,"column":25},"end":{"line":4,"column":50}},"3":{"start":{"line":6,"column":4},"end":{"line":6,"column":48}}},"fnMap":{"0":{"name":"(anonymous_0)","decl":{"start":{"line":4,"column":11},"end":{"line":4,"column":12}},"loc":{"start":{"line":4,"column":25},"end":{"line":4,"column":50}},"line":4},"1":{"name":"(anonymous_1)","decl":{"start":{"line":5,"column":9},"end":{"line":5,"column":10}},"loc":{"start":{"line":6,"column":4},"end":{"line":6,"column":48}},"line":6}},"branchMap":{},"s":{"0":3,"1":3,"2":4,"3":2},"f":{"0":4,"1":2},"b":{},"_coverageSchema":"1a1c01bbd47fc00a2c39e90264f33305004495a9","hash":"47f9a3b6c4b98d0944f164016089f87e56615cb0"}
,"D:\\Hacktiv8\\Individual Project\\IP-RMT50\\server\\helpers\\jwt.js": {"path":"D:\\Hacktiv8\\Individual Project\\IP-RMT50\\server\\helpers\\jwt.js","statementMap":{"0":{"start":{"line":1,"column":25},"end":{"line":1,"column":48}},"1":{"start":{"line":2,"column":15},"end":{"line":2,"column":37}},"2":{"start":{"line":4,"column":0},"end":{"line":7,"column":2}},"3":{"start":{"line":5,"column":26},"end":{"line":5,"column":47}},"4":{"start":{"line":6,"column":26},"end":{"line":6,"column":47}}},"fnMap":{"0":{"name":"(anonymous_0)","decl":{"start":{"line":5,"column":13},"end":{"line":5,"column":14}},"loc":{"start":{"line":5,"column":26},"end":{"line":5,"column":47}},"line":5},"1":{"name":"(anonymous_1)","decl":{"start":{"line":6,"column":15},"end":{"line":6,"column":16}},"loc":{"start":{"line":6,"column":26},"end":{"line":6,"column":47}},"line":6}},"branchMap":{},"s":{"0":3,"1":3,"2":3,"3":2,"4":7},"f":{"0":2,"1":7},"b":{},"_coverageSchema":"1a1c01bbd47fc00a2c39e90264f33305004495a9","hash":"322a8021c0c050d5f0a59e916d5d529b709e4cad"}
,"D:\\Hacktiv8\\Individual Project\\IP-RMT50\\server\\middlewares\\authentication.js": {"path":"D:\\Hacktiv8\\Individual Project\\IP-RMT50\\server\\middlewares\\authentication.js","statementMap":{"0":{"start":{"line":1,"column":24},"end":{"line":1,"column":49}},"1":{"start":{"line":2,"column":17},"end":{"line":2,"column":37}},"2":{"start":{"line":4,"column":23},"end":{"line":25,"column":1}},"3":{"start":{"line":5,"column":2},"end":{"line":24,"column":3}},"4":{"start":{"line":6,"column":25},"end":{"line":6,"column":50}},"5":{"start":{"line":7,"column":4},"end":{"line":7,"column":57}},"6":{"start":{"line":7,"column":23},"end":{"line":7,"column":57}},"7":{"start":{"line":9,"column":28},"end":{"line":9,"column":51}},"8":{"start":{"line":10,"column":4},"end":{"line":10,"column":63}},"9":{"start":{"line":10,"column":29},"end":{"line":10,"column":63}},"10":{"start":{"line":12,"column":20},"end":{"line":12,"column":38}},"11":{"start":{"line":14,"column":4},"end":{"line":14,"column":52}},"12":{"start":{"line":14,"column":18},"end":{"line":14,"column":52}},"13":{"start":{"line":16,"column":17},"end":{"line":16,"column":48}},"14":{"start":{"line":17,"column":4},"end":{"line":17,"column":49}},"15":{"start":{"line":17,"column":15},"end":{"line":17,"column":49}},"16":{"start":{"line":19,"column":4},"end":{"line":19,"column":31}},"17":{"start":{"line":21,"column":4},"end":{"line":21,"column":11}},"18":{"start":{"line":23,"column":4},"end":{"line":23,"column":14}},"19":{"start":{"line":27,"column":0},"end":{"line":27,"column":32}}},"fnMap":{"0":{"name":"(anonymous_0)","decl":{"start":{"line":4,"column":23},"end":{"line":4,"column":24}},"loc":{"start":{"line":4,"column":49},"end":{"line":25,"column":1}},"line":4}},"branchMap":{"0":{"loc":{"start":{"line":7,"column":4},"end":{"line":7,"column":57}},"type":"if","locations":[{"start":{"line":7,"column":4},"end":{"line":7,"column":57}},{"start":{},"end":{}}],"line":7},"1":{"loc":{"start":{"line":10,"column":4},"end":{"line":10,"column":63}},"type":"if","locations":[{"start":{"line":10,"column":4},"end":{"line":10,"column":63}},{"start":{},"end":{}}],"line":10},"2":{"loc":{"start":{"line":14,"column":4},"end":{"line":14,"column":52}},"type":"if","locations":[{"start":{"line":14,"column":4},"end":{"line":14,"column":52}},{"start":{},"end":{}}],"line":14},"3":{"loc":{"start":{"line":17,"column":4},"end":{"line":17,"column":49}},"type":"if","locations":[{"start":{"line":17,"column":4},"end":{"line":17,"column":49}},{"start":{},"end":{}}],"line":17}},"s":{"0":3,"1":3,"2":3,"3":7,"4":7,"5":7,"6":0,"7":7,"8":7,"9":0,"10":7,"11":7,"12":0,"13":7,"14":7,"15":0,"16":7,"17":7,"18":0,"19":3},"f":{"0":7},"b":{"0":[0,7],"1":[0,7],"2":[0,7],"3":[0,7]},"_coverageSchema":"1a1c01bbd47fc00a2c39e90264f33305004495a9","hash":"a6fa91227a396577459cb8e787585a494e77d2ec"}
,"D:\\Hacktiv8\\Individual Project\\IP-RMT50\\server\\middlewares\\authorization.js": {"path":"D:\\Hacktiv8\\Individual Project\\IP-RMT50\\server\\middlewares\\authorization.js","statementMap":{"0":{"start":{"line":1,"column":29},"end":{"line":1,"column":49}},"1":{"start":{"line":3,"column":25},"end":{"line":13,"column":1}},"2":{"start":{"line":4,"column":2},"end":{"line":12,"column":3}},"3":{"start":{"line":5,"column":19},"end":{"line":5,"column":27}},"4":{"start":{"line":6,"column":20},"end":{"line":6,"column":72}},"5":{"start":{"line":7,"column":4},"end":{"line":7,"column":80}},"6":{"start":{"line":7,"column":18},"end":{"line":7,"column":80}},"7":{"start":{"line":9,"column":4},"end":{"line":9,"column":11}},"8":{"start":{"line":11,"column":4},"end":{"line":11,"column":14}},"9":{"start":{"line":15,"column":21},"end":{"line":29,"column":1}},"10":{"start":{"line":16,"column":2},"end":{"line":28,"column":3}},"11":{"start":{"line":17,"column":19},"end":{"line":17,"column":30}},"12":{"start":{"line":18,"column":19},"end":{"line":18,"column":29}},"13":{"start":{"line":20,"column":16},"end":{"line":20,"column":38}},"14":{"start":{"line":21,"column":4},"end":{"line":21,"column":67}},"15":{"start":{"line":21,"column":14},"end":{"line":21,"column":67}},"16":{"start":{"line":23,"column":4},"end":{"line":23,"column":59}},"17":{"start":{"line":23,"column":31},"end":{"line":23,"column":59}},"18":{"start":{"line":25,"column":4},"end":{"line":25,"column":11}},"19":{"start":{"line":27,"column":4},"end":{"line":27,"column":14}},"20":{"start":{"line":31,"column":0},"end":{"line":31,"column":52}}},"fnMap":{"0":{"name":"(anonymous_0)","decl":{"start":{"line":3,"column":25},"end":{"line":3,"column":26}},"loc":{"start":{"line":3,"column":51},"end":{"line":13,"column":1}},"line":3},"1":{"name":"(anonymous_1)","decl":{"start":{"line":15,"column":21},"end":{"line":15,"column":22}},"loc":{"start":{"line":15,"column":47},"end":{"line":29,"column":1}},"line":15}},"branchMap":{"0":{"loc":{"start":{"line":7,"column":4},"end":{"line":7,"column":80}},"type":"if","locations":[{"start":{"line":7,"column":4},"end":{"line":7,"column":80}},{"start":{},"end":{}}],"line":7},"1":{"loc":{"start":{"line":21,"column":4},"end":{"line":21,"column":67}},"type":"if","locations":[{"start":{"line":21,"column":4},"end":{"line":21,"column":67}},{"start":{},"end":{}}],"line":21},"2":{"loc":{"start":{"line":23,"column":4},"end":{"line":23,"column":59}},"type":"if","locations":[{"start":{"line":23,"column":4},"end":{"line":23,"column":59}},{"start":{},"end":{}}],"line":23}},"s":{"0":3,"1":3,"2":0,"3":0,"4":0,"5":0,"6":0,"7":0,"8":0,"9":3,"10":5,"11":5,"12":5,"13":5,"14":5,"15":2,"16":3,"17":3,"18":0,"19":5,"20":3},"f":{"0":0,"1":5},"b":{"0":[0,0],"1":[2,3],"2":[3,0]},"_coverageSchema":"1a1c01bbd47fc00a2c39e90264f33305004495a9","hash":"0012df0181a278aa5a6881f7b9acadeda773e85c"}
,"D:\\Hacktiv8\\Individual Project\\IP-RMT50\\server\\middlewares\\errorHandler.js": {"path":"D:\\Hacktiv8\\Individual Project\\IP-RMT50\\server\\middlewares\\errorHandler.js","statementMap":{"0":{"start":{"line":1,"column":21},"end":{"line":39,"column":1}},"1":{"start":{"line":2,"column":15},"end":{"line":2,"column":32}},"2":{"start":{"line":3,"column":16},"end":{"line":3,"column":54}},"3":{"start":{"line":5,"column":2},"end":{"line":36,"column":3}},"4":{"start":{"line":8,"column":6},"end":{"line":8,"column":19}},"5":{"start":{"line":9,"column":6},"end":{"line":9,"column":38}},"6":{"start":{"line":10,"column":6},"end":{"line":10,"column":12}},"7":{"start":{"line":12,"column":6},"end":{"line":12,"column":19}},"8":{"start":{"line":13,"column":6},"end":{"line":13,"column":28}},"9":{"start":{"line":14,"column":6},"end":{"line":14,"column":12}},"10":{"start":{"line":16,"column":6},"end":{"line":16,"column":19}},"11":{"start":{"line":17,"column":6},"end":{"line":17,"column":28}},"12":{"start":{"line":18,"column":6},"end":{"line":18,"column":12}},"13":{"start":{"line":20,"column":6},"end":{"line":20,"column":19}},"14":{"start":{"line":21,"column":6},"end":{"line":21,"column":41}},"15":{"start":{"line":22,"column":6},"end":{"line":22,"column":12}},"16":{"start":{"line":24,"column":6},"end":{"line":24,"column":19}},"17":{"start":{"line":25,"column":6},"end":{"line":25,"column":28}},"18":{"start":{"line":26,"column":6},"end":{"line":26,"column":12}},"19":{"start":{"line":29,"column":6},"end":{"line":29,"column":19}},"20":{"start":{"line":30,"column":6},"end":{"line":30,"column":32}},"21":{"start":{"line":31,"column":6},"end":{"line":31,"column":12}},"22":{"start":{"line":33,"column":6},"end":{"line":33,"column":19}},"23":{"start":{"line":34,"column":6},"end":{"line":34,"column":63}},"24":{"start":{"line":35,"column":6},"end":{"line":35,"column":12}},"25":{"start":{"line":38,"column":2},"end":{"line":38,"column":48}},"26":{"start":{"line":41,"column":0},"end":{"line":41,"column":30}}},"fnMap":{"0":{"name":"(anonymous_0)","decl":{"start":{"line":1,"column":21},"end":{"line":1,"column":22}},"loc":{"start":{"line":1,"column":46},"end":{"line":39,"column":1}},"line":1}},"branchMap":{"0":{"loc":{"start":{"line":2,"column":15},"end":{"line":2,"column":32}},"type":"binary-expr","locations":[{"start":{"line":2,"column":15},"end":{"line":2,"column":25}},{"start":{"line":2,"column":29},"end":{"line":2,"column":32}}],"line":2},"1":{"loc":{"start":{"line":3,"column":16},"end":{"line":3,"column":54}},"type":"binary-expr","locations":[{"start":{"line":3,"column":16},"end":{"line":3,"column":27}},{"start":{"line":3,"column":31},"end":{"line":3,"column":54}}],"line":3},"2":{"loc":{"start":{"line":5,"column":2},"end":{"line":36,"column":3}},"type":"switch","locations":[{"start":{"line":6,"column":4},"end":{"line":6,"column":36}},{"start":{"line":7,"column":4},"end":{"line":10,"column":12}},{"start":{"line":11,"column":4},"end":{"line":14,"column":12}},{"start":{"line":15,"column":4},"end":{"line":18,"column":12}},{"start":{"line":19,"column":4},"end":{"line":22,"column":12}},{"start":{"line":23,"column":4},"end":{"line":26,"column":12}},{"start":{"line":27,"column":4},"end":{"line":27,"column":27}},{"start":{"line":28,"column":4},"end":{"line":31,"column":12}},{"start":{"line":32,"column":4},"end":{"line":35,"column":12}}],"line":5}},"s":{"0":3,"1":15,"2":15,"3":15,"4":6,"5":6,"6":6,"7":2,"8":2,"9":2,"10":2,"11":2,"12":2,"13":3,"14":3,"15":3,"16":2,"17":2,"18":2,"19":0,"20":0,"21":0,"22":0,"23":0,"24":0,"25":15,"26":3},"f":{"0":15},"b":{"0":[15,15],"1":[15,3],"2":[5,6,2,2,3,2,0,0,0]},"_coverageSchema":"1a1c01bbd47fc00a2c39e90264f33305004495a9","hash":"1c18ac1760e3acd99039036b5d59008b0fa73c46"}
,"D:\\Hacktiv8\\Individual Project\\IP-RMT50\\server\\middlewares\\multer.js": {"path":"D:\\Hacktiv8\\Individual Project\\IP-RMT50\\server\\middlewares\\multer.js","statementMap":{"0":{"start":{"line":1,"column":15},"end":{"line":1,"column":32}},"1":{"start":{"line":3,"column":16},"end":{"line":7,"column":2}},"2":{"start":{"line":5,"column":4},"end":{"line":5,"column":32}},"3":{"start":{"line":9,"column":15},"end":{"line":9,"column":65}},"4":{"start":{"line":11,"column":0},"end":{"line":11,"column":24}}},"fnMap":{"0":{"name":"(anonymous_0)","decl":{"start":{"line":4,"column":12},"end":{"line":4,"column":13}},"loc":{"start":{"line":4,"column":37},"end":{"line":6,"column":3}},"line":4}},"branchMap":{},"s":{"0":3,"1":3,"2":0,"3":3,"4":3},"f":{"0":0},"b":{},"_coverageSchema":"1a1c01bbd47fc00a2c39e90264f33305004495a9","hash":"941db352c28c348059f7007c0d6d438fa68a2f9e"}
,"D:\\Hacktiv8\\Individual Project\\IP-RMT50\\server\\middlewares\\uploadMultiple.js": {"path":"D:\\Hacktiv8\\Individual Project\\IP-RMT50\\server\\middlewares\\uploadMultiple.js","statementMap":{"0":{"start":{"line":1,"column":16},"end":{"line":1,"column":34}},"1":{"start":{"line":2,"column":15},"end":{"line":2,"column":32}},"2":{"start":{"line":3,"column":19},"end":{"line":3,"column":43}},"3":{"start":{"line":4,"column":21},"end":{"line":4,"column":53}},"4":{"start":{"line":6,"column":0},"end":{"line":10,"column":3}},"5":{"start":{"line":12,"column":23},"end":{"line":32,"column":2}},"6":{"start":{"line":13,"column":2},"end":{"line":31,"column":3}},"7":{"start":{"line":14,"column":19},"end":{"line":14,"column":28}},"8":{"start":{"line":16,"column":20},"end":{"line":16,"column":22}},"9":{"start":{"line":18,"column":4},"end":{"line":24,"column":5}},"10":{"start":{"line":19,"column":21},"end":{"line":21,"column":8}},"11":{"start":{"line":23,"column":6},"end":{"line":23,"column":38}},"12":{"start":{"line":26,"column":4},"end":{"line":26,"column":25}},"13":{"start":{"line":28,"column":4},"end":{"line":28,"column":11}},"14":{"start":{"line":30,"column":4},"end":{"line":30,"column":14}},"15":{"start":{"line":34,"column":0},"end":{"line":34,"column":32}}},"fnMap":{"0":{"name":"(anonymous_0)","decl":{"start":{"line":12,"column":36},"end":{"line":12,"column":37}},"loc":{"start":{"line":12,"column":62},"end":{"line":32,"column":1}},"line":12}},"branchMap":{},"s":{"0":3,"1":3,"2":3,"3":3,"4":3,"5":3,"6":1,"7":1,"8":1,"9":1,"10":0,"11":0,"12":1,"13":1,"14":0,"15":3},"f":{"0":1},"b":{},"_coverageSchema":"1a1c01bbd47fc00a2c39e90264f33305004495a9","hash":"92329b5587fa23bf2f4490123f8186b321695d75"}
,"D:\\Hacktiv8\\Individual Project\\IP-RMT50\\server\\models\\cat.js": {"path":"D:\\Hacktiv8\\Individual Project\\IP-RMT50\\server\\models\\cat.js","statementMap":{"0":{"start":{"line":2,"column":18},"end":{"line":2,"column":38}},"1":{"start":{"line":3,"column":0},"end":{"line":82,"column":2}},"2":{"start":{"line":12,"column":6},"end":{"line":12,"column":33}},"3":{"start":{"line":13,"column":6},"end":{"line":13,"column":35}},"4":{"start":{"line":16,"column":2},"end":{"line":80,"column":4}},"5":{"start":{"line":81,"column":2},"end":{"line":81,"column":13}}},"fnMap":{"0":{"name":"(anonymous_0)","decl":{"start":{"line":3,"column":17},"end":{"line":3,"column":18}},"loc":{"start":{"line":3,"column":43},"end":{"line":82,"column":1}},"line":3},"1":{"name":"(anonymous_1)","decl":{"start":{"line":10,"column":4},"end":{"line":10,"column":5}},"loc":{"start":{"line":10,"column":29},"end":{"line":14,"column":5}},"line":10}},"branchMap":{},"s":{"0":3,"1":3,"2":3,"3":3,"4":3,"5":3},"f":{"0":3,"1":3},"b":{},"_coverageSchema":"1a1c01bbd47fc00a2c39e90264f33305004495a9","hash":"316dba62b6562d82018ec204eb1b0743cbfe73d3"}
,"D:\\Hacktiv8\\Individual Project\\IP-RMT50\\server\\models\\catimage.js": {"path":"D:\\Hacktiv8\\Individual Project\\IP-RMT50\\server\\models\\catimage.js","statementMap":{"0":{"start":{"line":2,"column":18},"end":{"line":2,"column":38}},"1":{"start":{"line":3,"column":0},"end":{"line":33,"column":2}},"2":{"start":{"line":12,"column":6},"end":{"line":12,"column":37}},"3":{"start":{"line":15,"column":2},"end":{"line":31,"column":4}},"4":{"start":{"line":32,"column":2},"end":{"line":32,"column":18}}},"fnMap":{"0":{"name":"(anonymous_0)","decl":{"start":{"line":3,"column":17},"end":{"line":3,"column":18}},"loc":{"start":{"line":3,"column":43},"end":{"line":33,"column":1}},"line":3},"1":{"name":"(anonymous_1)","decl":{"start":{"line":10,"column":4},"end":{"line":10,"column":5}},"loc":{"start":{"line":10,"column":29},"end":{"line":13,"column":5}},"line":10}},"branchMap":{},"s":{"0":3,"1":3,"2":3,"3":3,"4":3},"f":{"0":3,"1":3},"b":{},"_coverageSchema":"1a1c01bbd47fc00a2c39e90264f33305004495a9","hash":"88db9a65b548acb4c01c877ca2e14a06d1881a85"}
,"D:\\Hacktiv8\\Individual Project\\IP-RMT50\\server\\models\\index.js": {"path":"D:\\Hacktiv8\\Individual Project\\IP-RMT50\\server\\models\\index.js","statementMap":{"0":{"start":{"line":3,"column":11},"end":{"line":3,"column":24}},"1":{"start":{"line":4,"column":13},"end":{"line":4,"column":28}},"2":{"start":{"line":5,"column":18},"end":{"line":5,"column":38}},"3":{"start":{"line":6,"column":16},"end":{"line":6,"column":34}},"4":{"start":{"line":7,"column":17},"end":{"line":7,"column":42}},"5":{"start":{"line":8,"column":12},"end":{"line":8,"column":49}},"6":{"start":{"line":9,"column":15},"end":{"line":9,"column":65}},"7":{"start":{"line":10,"column":11},"end":{"line":10,"column":13}},"8":{"start":{"line":13,"column":0},"end":{"line":17,"column":1}},"9":{"start":{"line":14,"column":2},"end":{"line":14,"column":74}},"10":{"start":{"line":16,"column":2},"end":{"line":16,"column":87}},"11":{"start":{"line":19,"column":0},"end":{"line":32,"column":5}},"12":{"start":{"line":22,"column":4},"end":{"line":27,"column":6}},"13":{"start":{"line":30,"column":18},"end":{"line":30,"column":85}},"14":{"start":{"line":31,"column":4},"end":{"line":31,"column":27}},"15":{"start":{"line":34,"column":0},"end":{"line":38,"column":3}},"16":{"start":{"line":35,"column":2},"end":{"line":37,"column":3}},"17":{"start":{"line":36,"column":4},"end":{"line":36,"column":32}},"18":{"start":{"line":40,"column":0},"end":{"line":40,"column":25}},"19":{"start":{"line":41,"column":0},"end":{"line":41,"column":25}},"20":{"start":{"line":43,"column":0},"end":{"line":43,"column":20}}},"fnMap":{"0":{"name":"(anonymous_0)","decl":{"start":{"line":21,"column":10},"end":{"line":21,"column":11}},"loc":{"start":{"line":21,"column":18},"end":{"line":28,"column":3}},"line":21},"1":{"name":"(anonymous_1)","decl":{"start":{"line":29,"column":11},"end":{"line":29,"column":12}},"loc":{"start":{"line":29,"column":19},"end":{"line":32,"column":3}},"line":29},"2":{"name":"(anonymous_2)","decl":{"start":{"line":34,"column":24},"end":{"line":34,"column":25}},"loc":{"start":{"line":34,"column":37},"end":{"line":38,"column":1}},"line":34}},"branchMap":{"0":{"loc":{"start":{"line":8,"column":12},"end":{"line":8,"column":49}},"type":"binary-expr","locations":[{"start":{"line":8,"column":12},"end":{"line":8,"column":32}},{"start":{"line":8,"column":36},"end":{"line":8,"column":49}}],"line":8},"1":{"loc":{"start":{"line":13,"column":0},"end":{"line":17,"column":1}},"type":"if","locations":[{"start":{"line":13,"column":0},"end":{"line":17,"column":1}},{"start":{"line":15,"column":7},"end":{"line":17,"column":1}}],"line":13},"2":{"loc":{"start":{"line":23,"column":6},"end":{"line":26,"column":37}},"type":"binary-expr","locations":[{"start":{"line":23,"column":6},"end":{"line":23,"column":29}},{"start":{"line":24,"column":6},"end":{"line":24,"column":23}},{"start":{"line":25,"column":6},"end":{"line":25,"column":30}},{"start":{"line":26,"column":6},"end":{"line":26,"column":37}}],"line":23},"3":{"loc":{"start":{"line":35,"column":2},"end":{"line":37,"column":3}},"type":"if","locations":[{"start":{"line":35,"column":2},"end":{"line":37,"column":3}},{"start":{},"end":{}}],"line":35}},"s":{"0":3,"1":3,"2":3,"3":3,"4":3,"5":3,"6":3,"7":3,"8":3,"9":0,"10":3,"11":3,"12":12,"13":9,"14":9,"15":3,"16":9,"17":9,"18":3,"19":3,"20":3},"f":{"0":12,"1":9,"2":9},"b":{"0":[3,0],"1":[0,3],"2":[12,12,9,9],"3":[9,0]},"_coverageSchema":"1a1c01bbd47fc00a2c39e90264f33305004495a9","hash":"c0332f43ad896d0ee417625112f50c4ae52b7100"}
,"D:\\Hacktiv8\\Individual Project\\IP-RMT50\\server\\models\\user.js": {"path":"D:\\Hacktiv8\\Individual Project\\IP-RMT50\\server\\models\\user.js","statementMap":{"0":{"start":{"line":2,"column":18},"end":{"line":2,"column":38}},"1":{"start":{"line":3,"column":20},"end":{"line":3,"column":50}},"2":{"start":{"line":4,"column":0},"end":{"line":63,"column":2}},"3":{"start":{"line":13,"column":6},"end":{"line":13,"column":31}},"4":{"start":{"line":16,"column":2},"end":{"line":56,"column":4}},"5":{"start":{"line":58,"column":2},"end":{"line":60,"column":5}},"6":{"start":{"line":59,"column":4},"end":{"line":59,"column":51}},"7":{"start":{"line":62,"column":2},"end":{"line":62,"column":14}}},"fnMap":{"0":{"name":"(anonymous_0)","decl":{"start":{"line":4,"column":17},"end":{"line":4,"column":18}},"loc":{"start":{"line":4,"column":43},"end":{"line":63,"column":1}},"line":4},"1":{"name":"(anonymous_1)","decl":{"start":{"line":11,"column":4},"end":{"line":11,"column":5}},"loc":{"start":{"line":11,"column":29},"end":{"line":14,"column":5}},"line":11},"2":{"name":"(anonymous_2)","decl":{"start":{"line":58,"column":20},"end":{"line":58,"column":21}},"loc":{"start":{"line":58,"column":34},"end":{"line":60,"column":3}},"line":58}},"branchMap":{},"s":{"0":3,"1":3,"2":3,"3":3,"4":3,"5":3,"6":3,"7":3},"f":{"0":3,"1":3,"2":3},"b":{},"_coverageSchema":"1a1c01bbd47fc00a2c39e90264f33305004495a9","hash":"ec97b08aedb5f4f848b36c3a35bc09bd2ef9c977"}
,"D:\\Hacktiv8\\Individual Project\\IP-RMT50\\server\\routes\\breeds.js": {"path":"D:\\Hacktiv8\\Individual Project\\IP-RMT50\\server\\routes\\breeds.js","statementMap":{"0":{"start":{"line":1,"column":15},"end":{"line":1,"column":47}},"1":{"start":{"line":3,"column":15},"end":{"line":3,"column":42}},"2":{"start":{"line":5,"column":0},"end":{"line":5,"column":37}},"3":{"start":{"line":6,"column":0},"end":{"line":6,"column":50}},"4":{"start":{"line":8,"column":0},"end":{"line":8,"column":24}}},"fnMap":{},"branchMap":{},"s":{"0":3,"1":3,"2":3,"3":3,"4":3},"f":{},"b":{},"_coverageSchema":"1a1c01bbd47fc00a2c39e90264f33305004495a9","hash":"22f15ab6536b002e31881df07ba81f94678e44e3"}
,"D:\\Hacktiv8\\Individual Project\\IP-RMT50\\server\\routes\\cats.js": {"path":"D:\\Hacktiv8\\Individual Project\\IP-RMT50\\server\\routes\\cats.js","statementMap":{"0":{"start":{"line":1,"column":22},"end":{"line":1,"column":61}},"1":{"start":{"line":2,"column":25},"end":{"line":2,"column":64}},"2":{"start":{"line":3,"column":15},"end":{"line":3,"column":47}},"3":{"start":{"line":4,"column":23},"end":{"line":4,"column":63}},"4":{"start":{"line":6,"column":15},"end":{"line":6,"column":42}},"5":{"start":{"line":8,"column":0},"end":{"line":8,"column":44}},"6":{"start":{"line":9,"column":0},"end":{"line":14,"column":2}},"7":{"start":{"line":16,"column":0},"end":{"line":16,"column":66}},"8":{"start":{"line":17,"column":0},"end":{"line":17,"column":61}},"9":{"start":{"line":19,"column":0},"end":{"line":19,"column":24}}},"fnMap":{},"branchMap":{},"s":{"0":3,"1":3,"2":3,"3":3,"4":3,"5":3,"6":3,"7":3,"8":3,"9":3},"f":{},"b":{},"_coverageSchema":"1a1c01bbd47fc00a2c39e90264f33305004495a9","hash":"686f53b052b81d6fe04720b6742e30dec9d3d68d"}
,"D:\\Hacktiv8\\Individual Project\\IP-RMT50\\server\\routes\\index.js": {"path":"D:\\Hacktiv8\\Individual Project\\IP-RMT50\\server\\routes\\index.js","statementMap":{"0":{"start":{"line":1,"column":15},"end":{"line":1,"column":42}},"1":{"start":{"line":2,"column":22},"end":{"line":2,"column":61}},"2":{"start":{"line":3,"column":19},"end":{"line":3,"column":36}},"3":{"start":{"line":4,"column":23},"end":{"line":4,"column":63}},"4":{"start":{"line":5,"column":23},"end":{"line":5,"column":63}},"5":{"start":{"line":6,"column":21},"end":{"line":6,"column":40}},"6":{"start":{"line":7,"column":25},"end":{"line":7,"column":67}},"7":{"start":{"line":9,"column":0},"end":{"line":11,"column":3}},"8":{"start":{"line":10,"column":2},"end":{"line":10,"column":27}},"9":{"start":{"line":13,"column":0},"end":{"line":13,"column":50}},"10":{"start":{"line":14,"column":0},"end":{"line":14,"column":44}},"11":{"start":{"line":15,"column":0},"end":{"line":15,"column":57}},"12":{"start":{"line":16,"column":0},"end":{"line":16,"column":51}},"13":{"start":{"line":18,"column":0},"end":{"line":18,"column":27}},"14":{"start":{"line":19,"column":0},"end":{"line":19,"column":32}},"15":{"start":{"line":20,"column":0},"end":{"line":20,"column":36}},"16":{"start":{"line":21,"column":0},"end":{"line":21,"column":64}},"17":{"start":{"line":23,"column":0},"end":{"line":23,"column":24}}},"fnMap":{"0":{"name":"(anonymous_0)","decl":{"start":{"line":9,"column":16},"end":{"line":9,"column":17}},"loc":{"start":{"line":9,"column":30},"end":{"line":11,"column":1}},"line":9}},"branchMap":{},"s":{"0":3,"1":3,"2":3,"3":3,"4":3,"5":3,"6":3,"7":3,"8":0,"9":3,"10":3,"11":3,"12":3,"13":3,"14":3,"15":3,"16":3,"17":3},"f":{"0":0},"b":{},"_coverageSchema":"1a1c01bbd47fc00a2c39e90264f33305004495a9","hash":"1c5f15129429c936b8ab484008a775cb13dd0bf9"}
}
