TN:
SF:app.js
FNF:0
FNH:0
DA:1,3
DA:2,3
DA:3,3
DA:4,3
DA:5,3
DA:6,3
DA:8,3
DA:9,3
DA:10,3
DA:11,3
DA:12,3
DA:14,3
LF:12
LH:12
BRF:0
BRH:0
end_of_record
TN:
SF:controllers\CatAPI.js
FN:4,(anonymous_0)
FN:18,(anonymous_1)
FNF:2
FNH:0
FNDA:0,(anonymous_0)
FNDA:0,(anonymous_1)
DA:1,3
DA:3,3
DA:5,0
DA:6,0
DA:13,0
DA:15,0
DA:19,0
DA:20,0
DA:21,0
DA:31,0
DA:33,0
LF:11
LH:2
BRF:0
BRH:0
end_of_record
TN:
SF:controllers\CatController.js
FN:4,(anonymous_0)
FN:16,(anonymous_1)
FN:43,(anonymous_2)
FN:60,(anonymous_3)
FNF:4
FNH:2
FNDA:1,(anonymous_0)
FNDA:1,(anonymous_1)
FNDA:0,(anonymous_2)
FNDA:0,(anonymous_3)
DA:1,3
DA:3,3
DA:5,1
DA:6,1
DA:7,1
DA:8,1
DA:10,1
DA:12,0
DA:17,1
DA:19,1
DA:20,1
DA:23,1
DA:24,1
DA:33,1
DA:34,0
DA:36,1
DA:39,0
DA:44,0
DA:45,0
DA:46,0
DA:49,0
DA:51,0
DA:54,0
DA:56,0
DA:61,0
DA:62,0
DA:63,0
DA:64,0
DA:65,0
DA:67,0
LF:30
LH:14
BRDA:8,0,0,0
BRDA:8,0,1,1
BRDA:49,1,0,0
BRDA:49,1,1,0
BRF:4
BRH:1
end_of_record
TN:
SF:controllers\OpenAIController.js
FN:8,(anonymous_0)
FNF:1
FNH:0
FNDA:0,(anonymous_0)
DA:1,3
DA:2,3
DA:3,3
DA:7,3
DA:9,0
DA:10,0
DA:11,0
DA:18,0
DA:20,0
DA:25,0
DA:26,0
DA:28,0
DA:30,0
LF:13
LH:4
BRF:0
BRH:0
end_of_record
TN:
SF:controllers\PubController.js
FN:4,(anonymous_0)
FNF:1
FNH:1
FNDA:1,(anonymous_0)
DA:1,3
DA:3,3
DA:5,1
DA:6,1
DA:20,1
DA:22,0
LF:6
LH:5
BRF:0
BRH:0
end_of_record
TN:
SF:controllers\UserController.js
FN:9,(anonymous_0)
FN:32,(anonymous_1)
FN:58,(anonymous_2)
FNF:3
FNH:2
FNDA:7,(anonymous_0)
FNDA:5,(anonymous_1)
FNDA:0,(anonymous_2)
DA:1,3
DA:2,3
DA:3,3
DA:4,3
DA:5,3
DA:6,3
DA:8,3
DA:10,7
DA:11,7
DA:13,7
DA:14,0
DA:16,7
DA:22,1
DA:28,6
DA:33,5
DA:34,5
DA:36,5
DA:37,4
DA:38,1
DA:40,3
DA:42,3
DA:43,1
DA:45,2
DA:47,2
DA:48,1
DA:50,1
DA:52,1
DA:54,4
DA:59,0
DA:60,0
DA:66,0
DA:69,0
DA:80,0
DA:81,0
DA:83,0
LF:35
LH:27
BRDA:13,0,0,0
BRDA:13,0,1,7
BRDA:36,1,0,1
BRDA:36,1,1,4
BRDA:37,2,0,1
BRDA:37,2,1,3
BRDA:42,3,0,1
BRDA:42,3,1,2
BRDA:47,4,0,1
BRDA:47,4,1,1
BRDA:81,5,0,0
BRDA:81,5,1,0
BRF:12
BRH:9
end_of_record
TN:
SF:helpers\bcryptjs.js
FN:4,(anonymous_0)
FN:5,(anonymous_1)
FNF:2
FNH:2
FNDA:4,(anonymous_0)
FNDA:2,(anonymous_1)
DA:1,3
DA:3,3
DA:4,4
DA:6,2
LF:4
LH:4
BRF:0
BRH:0
end_of_record
TN:
SF:helpers\jwt.js
FN:5,(anonymous_0)
FN:6,(anonymous_1)
FNF:2
FNH:2
FNDA:2,(anonymous_0)
FNDA:7,(anonymous_1)
DA:1,3
DA:2,3
DA:4,3
DA:5,2
DA:6,7
LF:5
LH:5
BRF:0
BRH:0
end_of_record
TN:
SF:middlewares\authentication.js
FN:4,(anonymous_0)
FNF:1
FNH:1
FNDA:7,(anonymous_0)
DA:1,3
DA:2,3
DA:4,3
DA:5,7
DA:6,7
DA:7,7
DA:9,7
DA:10,7
DA:12,7
DA:14,7
DA:16,7
DA:17,7
DA:19,7
DA:21,7
DA:23,0
DA:27,3
LF:16
LH:15
BRDA:7,0,0,0
BRDA:7,0,1,7
BRDA:10,1,0,0
BRDA:10,1,1,7
BRDA:14,2,0,0
BRDA:14,2,1,7
BRDA:17,3,0,0
BRDA:17,3,1,7
BRF:8
BRH:4
end_of_record
TN:
SF:middlewares\authorization.js
FN:3,(anonymous_0)
FN:15,(anonymous_1)
FNF:2
FNH:1
FNDA:0,(anonymous_0)
FNDA:5,(anonymous_1)
DA:1,3
DA:3,3
DA:4,0
DA:5,0
DA:6,0
DA:7,0
DA:9,0
DA:11,0
DA:15,3
DA:16,5
DA:17,5
DA:18,5
DA:20,5
DA:21,5
DA:23,3
DA:25,0
DA:27,5
DA:31,3
LF:18
LH:11
BRDA:7,0,0,0
BRDA:7,0,1,0
BRDA:21,1,0,2
BRDA:21,1,1,3
BRDA:23,2,0,3
BRDA:23,2,1,0
BRF:6
BRH:3
end_of_record
TN:
SF:middlewares\errorHandler.js
FN:1,(anonymous_0)
FNF:1
FNH:1
FNDA:15,(anonymous_0)
DA:1,3
DA:2,15
DA:3,15
DA:5,15
DA:8,6
DA:9,6
DA:10,6
DA:12,2
DA:13,2
DA:14,2
DA:16,2
DA:17,2
DA:18,2
DA:20,3
DA:21,3
DA:22,3
DA:24,2
DA:25,2
DA:26,2
DA:29,0
DA:30,0
DA:31,0
DA:33,0
DA:34,0
DA:35,0
DA:38,15
DA:41,3
LF:27
LH:21
BRDA:2,0,0,15
BRDA:2,0,1,15
BRDA:3,1,0,15
BRDA:3,1,1,3
BRDA:5,2,0,5
BRDA:5,2,1,6
BRDA:5,2,2,2
BRDA:5,2,3,2
BRDA:5,2,4,3
BRDA:5,2,5,2
BRDA:5,2,6,0
BRDA:5,2,7,0
BRDA:5,2,8,0
BRF:13
BRH:10
end_of_record
TN:
SF:middlewares\multer.js
FN:4,(anonymous_0)
FNF:1
FNH:0
FNDA:0,(anonymous_0)
DA:1,3
DA:3,3
DA:5,0
DA:9,3
DA:11,3
LF:5
LH:4
BRF:0
BRH:0
end_of_record
TN:
SF:middlewares\uploadMultiple.js
FN:12,(anonymous_0)
FNF:1
FNH:1
FNDA:1,(anonymous_0)
DA:1,3
DA:2,3
DA:3,3
DA:4,3
DA:6,3
DA:12,3
DA:13,1
DA:14,1
DA:16,1
DA:18,1
DA:19,0
DA:23,0
DA:26,1
DA:28,1
DA:30,0
DA:34,3
LF:16
LH:13
BRF:0
BRH:0
end_of_record
TN:
SF:models\cat.js
FN:3,(anonymous_0)
FN:10,(anonymous_1)
FNF:2
FNH:2
FNDA:3,(anonymous_0)
FNDA:3,(anonymous_1)
DA:2,3
DA:3,3
DA:12,3
DA:13,3
DA:16,3
DA:81,3
LF:6
LH:6
BRF:0
BRH:0
end_of_record
TN:
SF:models\catimage.js
FN:3,(anonymous_0)
FN:10,(anonymous_1)
FNF:2
FNH:2
FNDA:3,(anonymous_0)
FNDA:3,(anonymous_1)
DA:2,3
DA:3,3
DA:12,3
DA:15,3
DA:32,3
LF:5
LH:5
BRF:0
BRH:0
end_of_record
TN:
SF:models\index.js
FN:21,(anonymous_0)
FN:29,(anonymous_1)
FN:34,(anonymous_2)
FNF:3
FNH:3
FNDA:12,(anonymous_0)
FNDA:9,(anonymous_1)
FNDA:9,(anonymous_2)
DA:3,3
DA:4,3
DA:5,3
DA:6,3
DA:7,3
DA:8,3
DA:9,3
DA:10,3
DA:13,3
DA:14,0
DA:16,3
DA:19,3
DA:22,12
DA:30,9
DA:31,9
DA:34,3
DA:35,9
DA:36,9
DA:40,3
DA:41,3
DA:43,3
LF:21
LH:20
BRDA:8,0,0,3
BRDA:8,0,1,0
BRDA:13,1,0,0
BRDA:13,1,1,3
BRDA:23,2,0,12
BRDA:23,2,1,12
BRDA:23,2,2,9
BRDA:23,2,3,9
BRDA:35,3,0,9
BRDA:35,3,1,0
BRF:10
BRH:7
end_of_record
TN:
SF:models\user.js
FN:4,(anonymous_0)
FN:11,(anonymous_1)
FN:58,(anonymous_2)
FNF:3
FNH:3
FNDA:3,(anonymous_0)
FNDA:3,(anonymous_1)
FNDA:3,(anonymous_2)
DA:2,3
DA:3,3
DA:4,3
DA:13,3
DA:16,3
DA:58,3
DA:59,3
DA:62,3
LF:8
LH:8
BRF:0
BRH:0
end_of_record
TN:
SF:routes\breeds.js
FNF:0
FNH:0
DA:1,3
DA:3,3
DA:5,3
DA:6,3
DA:8,3
LF:5
LH:5
BRF:0
BRH:0
end_of_record
TN:
SF:routes\cats.js
FNF:0
FNH:0
DA:1,3
DA:2,3
DA:3,3
DA:4,3
DA:6,3
DA:8,3
DA:9,3
DA:16,3
DA:17,3
DA:19,3
LF:10
LH:10
BRF:0
BRH:0
end_of_record
TN:
SF:routes\index.js
FN:9,(anonymous_0)
FNF:1
FNH:0
FNDA:0,(anonymous_0)
DA:1,3
DA:2,3
DA:3,3
DA:4,3
DA:5,3
DA:6,3
DA:7,3
DA:9,3
DA:10,0
DA:13,3
DA:14,3
DA:15,3
DA:16,3
DA:18,3
DA:19,3
DA:20,3
DA:21,3
DA:23,3
LF:18
LH:17
BRF:0
BRH:0
end_of_record
